<?xml version="1.0" encoding="UTF-8"?>
<!-- Generated by org.testng.reporters.JUnitReportReporter -->
<testsuite hostname="AshokLP" failures="0" tests="11" name="testCases.Test_HRM_Menus" time="39.140" errors="0" timestamp="2025-01-13T13:07:10 IST" skipped="1">
  <testcase classname="testCases.Test_HRM_Menus" name="getPendingLeaveRequests" time="1.828"/>
  <system-out/>
  <testcase classname="testCases.Test_HRM_Menus" name="toVerifyPIM" time="4.704"/>
  <system-out/>
  <testcase classname="testCases.Test_HRM_Menus" name="toVerifyleaveMenu" time="4.161"/>
  <system-out/>
  <testcase classname="testCases.Test_HRM_Menus" name="toVerifytimeMenu" time="4.159"/>
  <system-out/>
  <testcase classname="testCases.Test_HRM_Menus" name="toVerifyrecruitmentMenu" time="4.079"/>
  <system-out/>
  <testcase classname="testCases.Test_HRM_Menus" name="toVerifymyInfoMenu" time="4.119"/>
  <system-out/>
  <testcase classname="testCases.Test_HRM_Menus" name="toVerifyperformanceMenu" time="4.084"/>
  <system-out/>
  <testcase classname="testCases.Test_HRM_Menus" name="toVerifydashboardMenu" time="3.807"/>
  <system-out/>
  <testcase classname="testCases.Test_HRM_Menus" name="toVerifydirectoryMenu" time="4.066"/>
  <system-out/>
  <testcase classname="testCases.Test_HRM_Menus" name="toVerifybuzzMenu" time="4.133"/>
  <system-out/>
  <testcase classname="testCases.Test_HRM_Menus" name="toVerifymaintenanceMenu">
    <skipped/>
  </testcase> <!-- toVerifymaintenanceMenu -->
  <system-out/>
</testsuite> <!-- testCases.Test_HRM_Menus -->
