<?xml version="1.0" encoding="UTF-8"?>
<!-- Generated by org.testng.reporters.JUnitReportReporter -->
<testsuite hostname="AshokLP" failures="0" tests="3" name="PageObjects.Get_Leave_List" time="7.529" errors="0" timestamp="2024-04-02T15:07:41 IST" skipped="0">
  <testcase classname="PageObjects.Get_Leave_List" name="getleaveinfo" time="2.438"/>
  <system-out/>
  <testcase classname="PageObjects.Get_Leave_List" name="toVerifydashboardMenu" time="4.385"/>
  <system-out/>
  <testcase classname="PageObjects.Get_Leave_List" name="toGetLeaveList" time="0.706"/>
  <system-out/>
</testsuite> <!-- PageObjects.Get_Leave_List -->
